app/build/outputs/logs/manifest-merger-debug-report.txt
-- Merging decision tree log ---
manifest
ADDED from src\main\AndroidManifest.xml:2:1-27:12
	package
		ADDED from src\main\AndroidManifest.xml:3:2-49
		INJECTED from src\main\AndroidManifest.xml
		INJECTED from src\main\AndroidManifest.xml
	android:versionName
		ADDED from src\main\AndroidManifest.xml:4:2-27
		INJECTED from src\main\AndroidManifest.xml
		INJECTED from src\main\AndroidManifest.xml
	android:versionCode
		ADDED from src\main\AndroidManifest.xml:3:50-73
		INJECTED from src\main\AndroidManifest.xml
		INJECTED from src\main\AndroidManifest.xml
	xmlns:android
		ADDED from src\main\AndroidManifest.xml:2:11-69
uses-sdk
ADDED from src\main\AndroidManifest.xml:5:2-40
	android:targetSdkVersion
		INJECTED from src\main\AndroidManifest.xml
		INJECTED from src\main\AndroidManifest.xml
	android:minSdkVersion
		ADDED from src\main\AndroidManifest.xml:5:12-37
		INJECTED from src\main\AndroidManifest.xml
		INJECTED from src\main\AndroidManifest.xml
application
ADDED from src\main\AndroidManifest.xml:7:2-16:16
	android:label
		ADDED from src\main\AndroidManifest.xml:7:45-77
	android:icon
		ADDED from src\main\AndroidManifest.xml:7:15-44
activity#com.honeywell.samples.decodesampleapi.ScanDemoMainActivity
ADDED from src\main\AndroidManifest.xml:8:3-14:14
	android:screenOrientation
		ADDED from src\main\AndroidManifest.xml:9:4-40
	android:label
		ADDED from src\main\AndroidManifest.xml:9:41-73
	android:name
		ADDED from src\main\AndroidManifest.xml:8:13-49
intent-filter#android.intent.action.MAIN+android.intent.category.LAUNCHER
ADDED from src\main\AndroidManifest.xml:10:4-13:20
action#android.intent.action.MAIN
ADDED from src\main\AndroidManifest.xml:11:5-57
	android:name
		ADDED from src\main\AndroidManifest.xml:11:13-54
category#android.intent.category.LAUNCHER
ADDED from src\main\AndroidManifest.xml:12:5-65
	android:name
		ADDED from src\main\AndroidManifest.xml:12:15-62
uses-library#com.honeywell.decodemanager
ADDED from src\main\AndroidManifest.xml:15:9-92
	android:required
		ADDED from src\main\AndroidManifest.xml:15:66-89
	android:name
		ADDED from src\main\AndroidManifest.xml:15:23-65
uses-permission#android.permission.VIBRATE
ADDED from src\main\AndroidManifest.xml:18:2-79
	android:name
		ADDED from src\main\AndroidManifest.xml:18:19-60
uses-permission#android.permission.MOUNT_UNMOUNT_FILESYSTEMS
ADDED from src\main\AndroidManifest.xml:19:2-81
	android:name
		ADDED from src\main\AndroidManifest.xml:19:19-78
uses-permission#android.permission.WRITE_EXTERNAL_STORAGE
ADDED from src\main\AndroidManifest.xml:20:2-78
	android:name
		ADDED from src\main\AndroidManifest.xml:20:19-75
uses-permission#android.permission.ACCESS_NETWORK_STATE
ADDED from src\main\AndroidManifest.xml:21:2-92
	android:name
		ADDED from src\main\AndroidManifest.xml:21:19-73
uses-permission#android.permission.INTERNET
ADDED from src\main\AndroidManifest.xml:22:5-83
	android:name
		ADDED from src\main\AndroidManifest.xml:22:22-64